\BOOKMARK [0][-]{Doc-Start}{\376\377\000L\000E\000M\000B\000A\000R\000\040\000P\000E\000N\000G\000E\000S\000A\000H\000A\000N}{}% 1
\BOOKMARK [0][-]{Doc-Start}{\376\377\000A\000B\000S\000T\000R\000A\000K}{}% 2
\BOOKMARK [0][-]{Doc-Start}{\376\377\000K\000A\000T\000A\000\040\000P\000E\000N\000G\000A\000N\000T\000A\000R}{}% 3
\BOOKMARK [0][-]{Doc-Start}{\376\377\000D\000A\000F\000T\000A\000R\000\040\000I\000S\000I}{}% 4
\BOOKMARK [0][-]{Doc-Start}{\376\377\000D\000A\000F\000T\000A\000R\000\040\000G\000A\000M\000B\000A\000R}{}% 5
\BOOKMARK [0][-]{chapter.1}{\376\377\000P\000E\000N\000D\000A\000H\000U\000L\000U\000A\000N}{}% 6
\BOOKMARK [1][-]{section.1.1}{\376\377\000L\000a\000t\000a\000r\000\040\000B\000e\000l\000a\000k\000a\000n\000g}{chapter.1}% 7
\BOOKMARK [1][-]{section.1.2}{\376\377\000L\000i\000n\000g\000k\000u\000p\000\040\000P\000e\000n\000u\000g\000a\000s\000a\000n}{chapter.1}% 8
\BOOKMARK [1][-]{section.1.3}{\376\377\000T\000a\000r\000g\000e\000t\000\040\000P\000e\000m\000e\000c\000a\000h\000a\000n\000\040\000M\000a\000s\000a\000l\000a\000h}{chapter.1}% 9
\BOOKMARK [1][-]{section.1.4}{\376\377\000M\000e\000t\000o\000d\000e\000\040\000P\000e\000l\000a\000k\000s\000a\000n\000a\000a\000n\000\040\000T\000u\000g\000a\000s}{chapter.1}% 10
\BOOKMARK [1][-]{section.1.5}{\376\377\000R\000e\000n\000c\000a\000n\000a\000\040\000d\000a\000n\000\040\000P\000e\000n\000j\000a\000d\000w\000a\000l\000a\000n}{chapter.1}% 11
\BOOKMARK [1][-]{section.1.6}{\376\377\000S\000i\000s\000t\000e\000m\000a\000t\000i\000k\000a\000\040\000L\000a\000p\000o\000r\000a\000n}{chapter.1}% 12
\BOOKMARK [0][-]{chapter.2}{\376\377\000P\000R\000O\000F\000I\000L\000\040\000I\000N\000S\000T\000I\000T\000U\000S\000I\000\040\000K\000E\000R\000J\000A\000\040\000P\000R\000A\000K\000T\000E\000K}{}% 13
\BOOKMARK [1][-]{section.2.1}{\376\377\000M\000e\000r\000d\000e\000k\000a\000\040\000B\000e\000l\000a\000j\000a\000r\000\040\000-\000\040\000K\000a\000m\000p\000u\000s\000\040\000M\000e\000r\000d\000e\000k\000a}{chapter.2}% 14
\BOOKMARK [1][-]{section.2.2}{\376\377\000B\000a\000n\000g\000k\000i\000t\000\040\000A\000c\000a\000d\000e\000m\000y}{chapter.2}% 15
\BOOKMARK [0][-]{chapter.3}{\376\377\000K\000E\000G\000I\000A\000T\000A\000N\000\040\000K\000E\000R\000J\000A\000\040\000P\000R\000A\000K\000T\000E\000K\000\040\000D\000A\000N\000\040\000P\000E\000M\000B\000A\000H\000A\000S\000A\000N\000\040\000K\000R\000I\000T\000I\000S}{}% 16
\BOOKMARK [1][-]{section.3.1}{\376\377\000K\000e\000g\000i\000a\000t\000a\000n\000\040\000B\000a\000n\000g\000k\000i\000t\000\040\0002\0000\0002\0002}{chapter.3}% 17
\BOOKMARK [1][-]{section.3.2}{\376\377\000P\000r\000o\000y\000e\000k\000\040\000A\000k\000h\000i\000r\000\040\000B\000a\000n\000g\000k\000i\000t\000:\000\040\000C\000a\000p\000s\000t\000o\000n\000e\000\040\000P\000r\000o\000j\000e\000c\000t}{chapter.3}% 18
\BOOKMARK [2][-]{subsection.3.2.1}{\376\377\000P\000e\000r\000m\000a\000s\000a\000l\000a\000h\000a\000n}{section.3.2}% 19
\BOOKMARK [2][-]{subsection.3.2.2}{\376\377\000S\000o\000l\000u\000s\000i}{section.3.2}% 20
\BOOKMARK [2][-]{subsection.3.2.3}{\376\377\000P\000r\000o\000d\000u\000k}{section.3.2}% 21
\BOOKMARK [2][-]{subsection.3.2.4}{\376\377\000I\000m\000p\000l\000e\000m\000e\000n\000t\000a\000s\000i\000\040\000M\000a\000t\000e\000r\000i}{section.3.2}% 22
\BOOKMARK [0][-]{chapter.4}{\376\377\000P\000E\000N\000U\000T\000U\000P}{}% 23
\BOOKMARK [1][-]{section.4.1}{\376\377\000K\000e\000s\000i\000m\000p\000u\000l\000a\000n}{chapter.4}% 24
\BOOKMARK [1][-]{section.4.2}{\376\377\000S\000a\000r\000a\000n}{chapter.4}% 25
\BOOKMARK [2][-]{subsection.4.2.1}{\376\377\000U\000n\000t\000u\000k\000\040\000p\000i\000h\000a\000k\000\040\000B\000a\000n\000g\000k\000i\000t}{section.4.2}% 26
\BOOKMARK [2][-]{subsection.4.2.2}{\376\377\000U\000n\000t\000u\000k\000\040\000p\000i\000h\000a\000k\000\040\000k\000a\000m\000p\000u\000s}{section.4.2}% 27
\BOOKMARK [2][-]{subsection.4.2.3}{\376\377\000U\000n\000t\000u\000k\000\040\000m\000a\000h\000a\000s\000i\000s\000w\000a}{section.4.2}% 28
\BOOKMARK [0][-]{Item.29}{\376\377\000L\000A\000M\000P\000I\000R\000A\000N}{}% 29
